<?xml version="1.0" encoding="UTF-8"?>
<coverage generated="1666118701590" clover="3.2.0">
  <project timestamp="1666118701590" name="All files">
    <metrics statements="23" coveredstatements="15" conditionals="0" coveredconditionals="0" methods="7" coveredmethods="6" elements="30" coveredelements="21" complexity="0" loc="23" ncloc="23" packages="1" files="2" classes="2"/>
    <file name="api.bcb.js" path="C:\Users\eduar\Downloads\GitHub Desktop\Convert-My-Money\lib\api.bcb.js">
      <metrics statements="18" coveredstatements="10" conditionals="0" coveredconditionals="0" methods="5" coveredmethods="4"/>
      <line num="1" count="1" type="stmt"/>
      <line num="2" count="1" type="stmt"/>
      <line num="3" count="1" type="stmt"/>
      <line num="5" count="1" type="stmt"/>
      <line num="6" count="1" type="stmt"/>
      <line num="7" count="1" type="stmt"/>
      <line num="8" count="1" type="stmt"/>
      <line num="9" count="1" type="stmt"/>
      <line num="14" count="1" type="stmt"/>
      <line num="15" count="0" type="stmt"/>
      <line num="17" count="0" type="stmt"/>
      <line num="18" count="0" type="stmt"/>
      <line num="19" count="0" type="stmt"/>
      <line num="20" count="0" type="stmt"/>
      <line num="21" count="0" type="stmt"/>
      <line num="22" count="0" type="stmt"/>
      <line num="24" count="0" type="stmt"/>
      <line num="29" count="1" type="stmt"/>
    </file>
    <file name="convert.js" path="C:\Users\eduar\Downloads\GitHub Desktop\Convert-My-Money\lib\convert.js">
      <metrics statements="5" coveredstatements="5" conditionals="0" coveredconditionals="0" methods="2" coveredmethods="2"/>
      <line num="1" count="1" type="stmt"/>
      <line num="2" count="3" type="stmt"/>
      <line num="4" count="1" type="stmt"/>
      <line num="10" count="2" type="stmt"/>
      <line num="14" count="1" type="stmt"/>
    </file>
  </project>
</coverage>
