{"C:\\Users\\eduar\\Downloads\\GitHub Desktop\\Convert-My-Money\\lib\\api.bcb.js": {"path":"C:\\Users\\eduar\\Downloads\\GitHub Desktop\\Convert-My-Money\\lib\\api.bcb.js","statementMap":{"0":{"start":{"line":1,"column":14},"end":{"line":1,"column":30}},"1":{"start":{"line":2,"column":15},"end":{"line":3,"column":206}},"2":{"start":{"line":3,"column":1},"end":{"line":3,"column":206}},"3":{"start":{"line":5,"column":22},"end":{"line":5,"column":45}},"4":{"start":{"line":5,"column":31},"end":{"line":5,"column":45}},"5":{"start":{"line":6,"column":23},"end":{"line":6,"column":62}},"6":{"start":{"line":6,"column":32},"end":{"line":6,"column":62}},"7":{"start":{"line":7,"column":17},"end":{"line":12,"column":1}},"8":{"start":{"line":8,"column":15},"end":{"line":8,"column":25}},"9":{"start":{"line":9,"column":1},"end":{"line":11,"column":3}},"10":{"start":{"line":14,"column":19},"end":{"line":27,"column":1}},"11":{"start":{"line":15,"column":1},"end":{"line":26,"column":2}},"12":{"start":{"line":17,"column":16},"end":{"line":17,"column":26}},"13":{"start":{"line":18,"column":2},"end":{"line":18,"column":21}},"14":{"start":{"line":19,"column":14},"end":{"line":19,"column":27}},"15":{"start":{"line":20,"column":14},"end":{"line":20,"column":38}},"16":{"start":{"line":21,"column":18},"end":{"line":21,"column":37}},"17":{"start":{"line":22,"column":2},"end":{"line":22,"column":17}},"18":{"start":{"line":24,"column":2},"end":{"line":24,"column":12}},"19":{"start":{"line":29,"column":0},"end":{"line":33,"column":2}}},"fnMap":{"0":{"name":"(anonymous_0)","decl":{"start":{"line":2,"column":15},"end":{"line":2,"column":16}},"loc":{"start":{"line":3,"column":1},"end":{"line":3,"column":206}},"line":3},"1":{"name":"(anonymous_1)","decl":{"start":{"line":5,"column":22},"end":{"line":5,"column":23}},"loc":{"start":{"line":5,"column":31},"end":{"line":5,"column":45}},"line":5},"2":{"name":"(anonymous_2)","decl":{"start":{"line":6,"column":23},"end":{"line":6,"column":24}},"loc":{"start":{"line":6,"column":32},"end":{"line":6,"column":62}},"line":6},"3":{"name":"(anonymous_3)","decl":{"start":{"line":7,"column":17},"end":{"line":7,"column":18}},"loc":{"start":{"line":7,"column":23},"end":{"line":12,"column":1}},"line":7},"4":{"name":"(anonymous_4)","decl":{"start":{"line":14,"column":19},"end":{"line":14,"column":20}},"loc":{"start":{"line":14,"column":31},"end":{"line":27,"column":1}},"line":14}},"branchMap":{},"s":{"0":1,"1":1,"2":0,"3":1,"4":1,"5":1,"6":1,"7":1,"8":0,"9":0,"10":1,"11":0,"12":0,"13":0,"14":0,"15":0,"16":0,"17":0,"18":0,"19":1},"f":{"0":0,"1":1,"2":1,"3":0,"4":0},"b":{},"_coverageSchema":"1a1c01bbd47fc00a2c39e90264f33305004495a9","hash":"63322b5201aad163e55873805f6a1f727e159de5"}
,"C:\\Users\\eduar\\Downloads\\GitHub Desktop\\Convert-My-Money\\lib\\convert.js": {"path":"C:\\Users\\eduar\\Downloads\\GitHub Desktop\\Convert-My-Money\\lib\\convert.js","statementMap":{"0":{"start":{"line":1,"column":16},"end":{"line":3,"column":1}},"1":{"start":{"line":2,"column":4},"end":{"line":2,"column":31}},"2":{"start":{"line":4,"column":16},"end":{"line":11,"column":1}},"3":{"start":{"line":10,"column":3},"end":{"line":10,"column":38}},"4":{"start":{"line":14,"column":0},"end":{"line":17,"column":1}}},"fnMap":{"0":{"name":"(anonymous_0)","decl":{"start":{"line":1,"column":16},"end":{"line":1,"column":17}},"loc":{"start":{"line":1,"column":41},"end":{"line":3,"column":1}},"line":1},"1":{"name":"(anonymous_1)","decl":{"start":{"line":4,"column":16},"end":{"line":4,"column":17}},"loc":{"start":{"line":4,"column":25},"end":{"line":11,"column":1}},"line":4}},"branchMap":{},"s":{"0":1,"1":3,"2":1,"3":2,"4":1},"f":{"0":3,"1":2},"b":{},"_coverageSchema":"1a1c01bbd47fc00a2c39e90264f33305004495a9","hash":"0f58a7560e2968c45d0e5ae010b9974a28993615"}
}
